/people/weiz828/.conda/envs/test/lib/python3.12/site-packages/torch/utils/data/dataloader.py:557: UserWarning: This DataLoader will create 2 worker processes in total. Our suggested max number of worker in current system is 1, which is smaller than what this DataLoader is going to create. Please be aware that excessive worker creation might get DataLoader running slow or even freeze, lower the worker number to avoid potential slowness/freeze if necessary.
  warnings.warn(_create_warning_msg(
/people/weiz828/.conda/envs/test/lib/python3.12/site-packages/torch/utils/data/dataloader.py:557: UserWarning: This DataLoader will create 2 worker processes in total. Our suggested max number of worker in current system is 1, which is smaller than what this DataLoader is going to create. Please be aware that excessive worker creation might get DataLoader running slow or even freeze, lower the worker number to avoid potential slowness/freeze if necessary.
  warnings.warn(_create_warning_msg(
The dimension of y_tensor is torch.Size([5000, 2]).
The dimension of y_expanded is torch.Size([500, 5000, 2]) after expanding.
The dimensions of the initial conditions are: (500, 50)
The dimensions of the solutions are: (500, 100, 50)
The dimension of u_tensor is torch.Size([500, 50]).
The dimension of u_expanded is torch.Size([500, 5000, 50]) after expanding.
The loaded solution dataset has dimension (500, 100, 50),
	 while the arranged linearized dataset has dimension (500, 5000).
The dimension of s_tensor is torch.Size([500, 5000]).
The dimension of s_expanded is torch.Size([500, 5000, 1]) after expanding.
Epoch 1
A best model at epoch 1 has been saved with training error 0.019979838.
A best model at epoch 1 has been saved with training error 0.019209031.
A best model at epoch 1 has been saved with training error 0.007681722.
Epoch 1, Loss: 0.014984511, Improvement: 0.014984511, Best Loss: 0.007681722 in Epoch 1
Epoch 2
A best model at epoch 2 has been saved with training error 0.006899138.
A best model at epoch 2 has been saved with training error 0.006763683.
A best model at epoch 2 has been saved with training error 0.006668066.
A best model at epoch 2 has been saved with training error 0.006252150.
Epoch 2, Loss: 0.010531134, Improvement: -0.004453377, Best Loss: 0.006252150 in Epoch 2
Epoch 3
