The dimension of y_tensor is torch.Size([10201, 2]).
The dimension of y_expanded is torch.Size([500, 10201, 2]) after expanding.
The zero coordinate of y_expanded is time and the first coordinate is space.
The dimensions of the initial conditions are: (500, 101)
The dimensions of the solutions are: (500, 101, 101)
The dimension of u_tensor is torch.Size([500, 101]).
The dimension of u_expanded is torch.Size([500, 10201, 101]) after expanding.
The loaded solution dataset has dimension (500, 101, 101),
	 while the arranged linearized dataset has dimension (500, 10201).
The dimension of s_tensor is torch.Size([500, 10201]).
The dimension of s_expanded is torch.Size([500, 10201, 1]) after expanding.
The training dataset has 4080400 samples, while the train_loader has 409 batches.
The training dataset has 1020100 samples, while the train_loader has 511 batches.
Epoch 1
A best model at epoch 1 has been saved with training loss 0.03941206634045.
A best model at epoch 1 has been saved with training loss 0.03571218997240.
A best model at epoch 1 has been saved with training loss 0.03071171231568.
A best model at epoch 1 has been saved with training loss 0.02455016039312.
A best model at epoch 1 has been saved with training loss 0.01990010403097.
A best model at epoch 1 has been saved with training loss 0.01546132937074.
A best model at epoch 1 has been saved with training loss 0.01375638693571.
A best model at epoch 1 has been saved with training loss 0.01243839226663.
A best model at epoch 1 has been saved with training loss 0.01190486643463.
A best model at epoch 1 has been saved with training loss 0.01133203785866.
A best model at epoch 1 has been saved with training loss 0.01113040558994.
A best model at epoch 1 has been saved with training loss 0.01047051325440.
A best model at epoch 1 has been saved with training loss 0.00973086152226.
A best model at epoch 1 has been saved with training loss 0.00945535115898.
A best model at epoch 1 has been saved with training loss 0.00913739763200.
A best model at epoch 1 has been saved with training loss 0.00868000648916.
A best model at epoch 1 has been saved with training loss 0.00834319926798.
A best model at epoch 1 has been saved with training loss 0.00805268064141.
A best model at epoch 1 has been saved with training loss 0.00771376490593.
A best model at epoch 1 has been saved with training loss 0.00731160864234.
A best model at epoch 1 has been saved with training loss 0.00709840236232.
A best model at epoch 1 has been saved with training loss 0.00697724986821.
A best model at epoch 1 has been saved with training loss 0.00675911223516.
A best model at epoch 1 has been saved with training loss 0.00655413046479.
A best model at epoch 1 has been saved with training loss 0.00637986557558.
A best model at epoch 1 has been saved with training loss 0.00627744896337.
A best model at epoch 1 has been saved with training loss 0.00624739751220.
A best model at epoch 1 has been saved with training loss 0.00560644036159.
A best model at epoch 1 has been saved with training loss 0.00529340514913.
A best model at epoch 1 has been saved with training loss 0.00501231895760.
A best model at epoch 1 has been saved with training loss 0.00478669302538.
A best model at epoch 1 has been saved with training loss 0.00465149991214.
A best model at epoch 1 has been saved with training loss 0.00452465238050.
A best model at epoch 1 has been saved with training loss 0.00440390594304.
A best model at epoch 1 has been saved with training loss 0.00412421999499.
A best model at epoch 1 has been saved with training loss 0.00394341582432.
A best model at epoch 1 has been saved with training loss 0.00359842530452.
A best model at epoch 1 has been saved with training loss 0.00351847987622.
A best model at epoch 1 has been saved with training loss 0.00329081784002.
A best model at epoch 1 has been saved with training loss 0.00318025960587.
A best model at epoch 1 has been saved with training loss 0.00315565755591.
A best model at epoch 1 has been saved with training loss 0.00300638284534.
A best model at epoch 1 has been saved with training loss 0.00300453905948.
A best model at epoch 1 has been saved with training loss 0.00299071264453.
A best model at epoch 1 has been saved with training loss 0.00257560610771.
A best model at epoch 1 has been saved with training loss 0.00232973718084.
A best model at epoch 1 has been saved with training loss 0.00232671899721.
A best model at epoch 1 has been saved with training loss 0.00217100139707.
A best model at epoch 1 has been saved with training loss 0.00207766913809.
A best model at epoch 1 has been saved with training loss 0.00204420532100.
A best model at epoch 1 has been saved with training loss 0.00195311196148.
A best model at epoch 1 has been saved with training loss 0.00179791718256.
A best model at epoch 1 has been saved with training loss 0.00178529007826.
A best model at epoch 1 has been saved with training loss 0.00169226375874.
A best model at epoch 1 has been saved with training loss 0.00168912729714.
A best model at epoch 1 has been saved with training loss 0.00165443646256.
A best model at epoch 1 has been saved with training loss 0.00163989502471.
A best model at epoch 1 has been saved with training loss 0.00153613975272.
A best model at epoch 1 has been saved with training loss 0.00152000377420.
A best model at epoch 1 has been saved with training loss 0.00145754031837.
A best model at epoch 1 has been saved with training loss 0.00143054150976.
A best model at epoch 1 has been saved with training loss 0.00142687815242.
A best model at epoch 1 has been saved with training loss 0.00138852698728.
A best model at epoch 1 has been saved with training loss 0.00138545047957.
A best model at epoch 1 has been saved with training loss 0.00133864255622.
A best model at epoch 1 has been saved with training loss 0.00114736694377.
A best model at epoch 1 has been saved with training loss 0.00112607423216.
A best model at epoch 1 has been saved with training loss 0.00111640105024.
A best model at epoch 1 has been saved with training loss 0.00110477430280.
A best model at epoch 1 has been saved with training loss 0.00107095204294.
A best model at epoch 1 has been saved with training loss 0.00095820950810.
A best model at epoch 1 has been saved with training loss 0.00056408747332.
Epoch 1, Loss: 0.00287129834105, Improvement: 0.00287129834105, Best Loss: 0.00056408747332 in Epoch 1, Time: 48.98 seconds
Epoch 2
Epoch 2, Loss: 0.00107337680545, Improvement: -0.00179792153561, Best Loss: 0.00056408747332 in Epoch 1, Time: 48.65 seconds
Epoch 3
Epoch 3, Loss: 0.00086784217487, Improvement: -0.00020553463057, Best Loss: 0.00056408747332 in Epoch 1, Time: 48.73 seconds
Epoch 4
A best model at epoch 4 has been saved with training loss 0.00055187765975.
A best model at epoch 4 has been saved with training loss 0.00045823113760.
A best model at epoch 4 has been saved with training loss 0.00043035796261.
A best model at epoch 4 has been saved with training loss 0.00020374816086.
Epoch 4, Loss: 0.00069853267237, Improvement: -0.00016930950250, Best Loss: 0.00020374816086 in Epoch 4, Time: 48.88 seconds
Epoch 5
A best model at epoch 5 has been saved with training loss 0.00020143430447.
Epoch 5, Loss: 0.00061349869916, Improvement: -0.00008503397322, Best Loss: 0.00020143430447 in Epoch 5, Time: 48.67 seconds
Epoch 6
Epoch 6, Loss: 0.00056473721669, Improvement: -0.00004876148247, Best Loss: 0.00020143430447 in Epoch 5, Time: 48.70 seconds
Epoch 7
Epoch 7, Loss: 0.00053585318420, Improvement: -0.00002888403249, Best Loss: 0.00020143430447 in Epoch 5, Time: 48.71 seconds
Epoch 8
Epoch 8, Loss: 0.00048339660164, Improvement: -0.00005245658256, Best Loss: 0.00020143430447 in Epoch 5, Time: 48.74 seconds
Epoch 9
Epoch 9, Loss: 0.00046390965335, Improvement: -0.00001948694829, Best Loss: 0.00020143430447 in Epoch 5, Time: 48.65 seconds
Epoch 10
Epoch 10, Loss: 0.00042230573404, Improvement: -0.00004160391930, Best Loss: 0.00020143430447 in Epoch 5, Time: 48.74 seconds
Epoch 11
A best model at epoch 11 has been saved with training loss 0.00015179337061.
Epoch 11, Loss: 0.00039413253290, Improvement: -0.00002817320114, Best Loss: 0.00015179337061 in Epoch 11, Time: 48.82 seconds
Epoch 12
Epoch 12, Loss: 0.00037391903402, Improvement: -0.00002021349888, Best Loss: 0.00015179337061 in Epoch 11, Time: 48.81 seconds
Epoch 13
Epoch 13, Loss: 0.00036158362393, Improvement: -0.00001233541009, Best Loss: 0.00015179337061 in Epoch 11, Time: 48.83 seconds
Epoch 14
Epoch 14, Loss: 0.00033340264623, Improvement: -0.00002818097770, Best Loss: 0.00015179337061 in Epoch 11, Time: 48.92 seconds
Epoch 15
Epoch 15, Loss: 0.00031881422170, Improvement: -0.00001458842452, Best Loss: 0.00015179337061 in Epoch 11, Time: 48.91 seconds
Epoch 16
Epoch 16, Loss: 0.00029562602045, Improvement: -0.00002318820125, Best Loss: 0.00015179337061 in Epoch 11, Time: 48.87 seconds
Epoch 17
Epoch 17, Loss: 0.00028688418918, Improvement: -0.00000874183127, Best Loss: 0.00015179337061 in Epoch 11, Time: 48.88 seconds
Epoch 18
Epoch 18, Loss: 0.00027301988667, Improvement: -0.00001386430251, Best Loss: 0.00015179337061 in Epoch 11, Time: 48.89 seconds
Epoch 19
A best model at epoch 19 has been saved with training loss 0.00009919138392.
Epoch 19, Loss: 0.00026527710991, Improvement: -0.00000774277676, Best Loss: 0.00009919138392 in Epoch 19, Time: 48.93 seconds
Epoch 20
Epoch 20, Loss: 0.00024977848878, Improvement: -0.00001549862113, Best Loss: 0.00009919138392 in Epoch 19, Time: 48.88 seconds
Epoch 21
Epoch 21, Loss: 0.00024357151927, Improvement: -0.00000620696951, Best Loss: 0.00009919138392 in Epoch 19, Time: 48.85 seconds
Epoch 22
A best model at epoch 22 has been saved with training loss 0.00005685353608.
Epoch 22, Loss: 0.00023252848919, Improvement: -0.00001104303008, Best Loss: 0.00005685353608 in Epoch 22, Time: 48.96 seconds
Epoch 23
Epoch 23, Loss: 0.00022894001065, Improvement: -0.00000358847854, Best Loss: 0.00005685353608 in Epoch 22, Time: 48.86 seconds
Epoch 24
Epoch 24, Loss: 0.00022788286882, Improvement: -0.00000105714183, Best Loss: 0.00005685353608 in Epoch 22, Time: 48.85 seconds
Epoch 25
Epoch 25, Loss: 0.00021182799704, Improvement: -0.00001605487178, Best Loss: 0.00005685353608 in Epoch 22, Time: 48.93 seconds
Epoch 26
Epoch 26, Loss: 0.00020745686201, Improvement: -0.00000437113504, Best Loss: 0.00005685353608 in Epoch 22, Time: 48.92 seconds
Epoch 27
Epoch 27, Loss: 0.00019806399630, Improvement: -0.00000939286571, Best Loss: 0.00005685353608 in Epoch 22, Time: 48.88 seconds
Epoch 28
Epoch 28, Loss: 0.00019585819153, Improvement: -0.00000220580477, Best Loss: 0.00005685353608 in Epoch 22, Time: 48.91 seconds
Epoch 29
Epoch 29, Loss: 0.00019106750679, Improvement: -0.00000479068474, Best Loss: 0.00005685353608 in Epoch 22, Time: 48.99 seconds
Epoch 30
Epoch 30, Loss: 0.00017900289909, Improvement: -0.00001206460770, Best Loss: 0.00005685353608 in Epoch 22, Time: 48.98 seconds
Epoch 31
Epoch 31, Loss: 0.00019631517481, Improvement: 0.00001731227571, Best Loss: 0.00005685353608 in Epoch 22, Time: 48.97 seconds
Epoch 32
Epoch 32, Loss: 0.00017086319261, Improvement: -0.00002545198220, Best Loss: 0.00005685353608 in Epoch 22, Time: 48.88 seconds
Epoch 33
Epoch 33, Loss: 0.00016919244769, Improvement: -0.00000167074492, Best Loss: 0.00005685353608 in Epoch 22, Time: 48.97 seconds
Epoch 34
Epoch 34, Loss: 0.00016209792642, Improvement: -0.00000709452128, Best Loss: 0.00005685353608 in Epoch 22, Time: 48.89 seconds
Epoch 35
Epoch 35, Loss: 0.00016150056457, Improvement: -0.00000059736185, Best Loss: 0.00005685353608 in Epoch 22, Time: 48.90 seconds
Epoch 36
Epoch 36, Loss: 0.00016081165187, Improvement: -0.00000068891270, Best Loss: 0.00005685353608 in Epoch 22, Time: 48.93 seconds
Epoch 37
Epoch 37, Loss: 0.00015813000810, Improvement: -0.00000268164377, Best Loss: 0.00005685353608 in Epoch 22, Time: 48.94 seconds
Epoch 38
Epoch 38, Loss: 0.00015438433095, Improvement: -0.00000374567716, Best Loss: 0.00005685353608 in Epoch 22, Time: 48.92 seconds
Epoch 39
Epoch 39, Loss: 0.00014543578125, Improvement: -0.00000894854970, Best Loss: 0.00005685353608 in Epoch 22, Time: 48.94 seconds
Epoch 40
Epoch 40, Loss: 0.00014645945933, Improvement: 0.00000102367808, Best Loss: 0.00005685353608 in Epoch 22, Time: 48.89 seconds
Epoch 41
Epoch 41, Loss: 0.00014370756975, Improvement: -0.00000275188958, Best Loss: 0.00005685353608 in Epoch 22, Time: 48.90 seconds
Epoch 42
Epoch 42, Loss: 0.00013241144779, Improvement: -0.00001129612196, Best Loss: 0.00005685353608 in Epoch 22, Time: 48.93 seconds
Epoch 43
Epoch 43, Loss: 0.00013223646213, Improvement: -0.00000017498566, Best Loss: 0.00005685353608 in Epoch 22, Time: 48.94 seconds
Epoch 44
A best model at epoch 44 has been saved with training loss 0.00005459298700.
Epoch 44, Loss: 0.00013242260142, Improvement: 0.00000018613929, Best Loss: 0.00005459298700 in Epoch 44, Time: 48.99 seconds
Epoch 45
Epoch 45, Loss: 0.00013097850404, Improvement: -0.00000144409738, Best Loss: 0.00005459298700 in Epoch 44, Time: 48.99 seconds
Epoch 46
A best model at epoch 46 has been saved with training loss 0.00004522908421.
Epoch 46, Loss: 0.00013065925965, Improvement: -0.00000031924440, Best Loss: 0.00004522908421 in Epoch 46, Time: 48.96 seconds
Epoch 47
Epoch 47, Loss: 0.00012085303835, Improvement: -0.00000980622129, Best Loss: 0.00004522908421 in Epoch 46, Time: 49.02 seconds
Epoch 48
Epoch 48, Loss: 0.00012092344904, Improvement: 0.00000007041069, Best Loss: 0.00004522908421 in Epoch 46, Time: 49.02 seconds
Epoch 49
Epoch 49, Loss: 0.00012554709028, Improvement: 0.00000462364124, Best Loss: 0.00004522908421 in Epoch 46, Time: 48.93 seconds
Epoch 50
Model saving checkpoint: the model trained after epoch 50 has been saved with the training losses.
Epoch 50, Loss: 0.00011532577429, Improvement: -0.00001022131599, Best Loss: 0.00004522908421 in Epoch 46, Time: 48.99 seconds
Epoch 51
Epoch 51, Loss: 0.00011527825913, Improvement: -0.00000004751515, Best Loss: 0.00004522908421 in Epoch 46, Time: 48.96 seconds
Epoch 52
Epoch 52, Loss: 0.00011287565676, Improvement: -0.00000240260238, Best Loss: 0.00004522908421 in Epoch 46, Time: 49.04 seconds
Epoch 53
Epoch 53, Loss: 0.00011692850972, Improvement: 0.00000405285297, Best Loss: 0.00004522908421 in Epoch 46, Time: 48.95 seconds
Epoch 54
Epoch 54, Loss: 0.00011257533143, Improvement: -0.00000435317829, Best Loss: 0.00004522908421 in Epoch 46, Time: 48.96 seconds
Epoch 55
A best model at epoch 55 has been saved with training loss 0.00004214565342.
Epoch 55, Loss: 0.00010837897832, Improvement: -0.00000419635311, Best Loss: 0.00004214565342 in Epoch 55, Time: 49.00 seconds
Epoch 56
Epoch 56, Loss: 0.00010720827514, Improvement: -0.00000117070317, Best Loss: 0.00004214565342 in Epoch 55, Time: 48.99 seconds
Epoch 57
A best model at epoch 57 has been saved with training loss 0.00003335775909.
Epoch 57, Loss: 0.00010346487340, Improvement: -0.00000374340175, Best Loss: 0.00003335775909 in Epoch 57, Time: 49.04 seconds
Epoch 58
Epoch 58, Loss: 0.00010237783751, Improvement: -0.00000108703589, Best Loss: 0.00003335775909 in Epoch 57, Time: 48.94 seconds
Epoch 59
Epoch 59, Loss: 0.00010200256192, Improvement: -0.00000037527559, Best Loss: 0.00003335775909 in Epoch 57, Time: 49.06 seconds
Epoch 60
Epoch 60, Loss: 0.00012869657636, Improvement: 0.00002669401444, Best Loss: 0.00003335775909 in Epoch 57, Time: 49.02 seconds
Epoch 61
Epoch 61, Loss: 0.00009835433148, Improvement: -0.00003034224488, Best Loss: 0.00003335775909 in Epoch 57, Time: 49.06 seconds
Epoch 62
Epoch 62, Loss: 0.00009520470624, Improvement: -0.00000314962524, Best Loss: 0.00003335775909 in Epoch 57, Time: 49.11 seconds
Epoch 63
A best model at epoch 63 has been saved with training loss 0.00002765138743.
Epoch 63, Loss: 0.00009724207708, Improvement: 0.00000203737084, Best Loss: 0.00002765138743 in Epoch 63, Time: 49.07 seconds
Epoch 64
Epoch 64, Loss: 0.00009191926366, Improvement: -0.00000532281342, Best Loss: 0.00002765138743 in Epoch 63, Time: 49.04 seconds
Epoch 65
Epoch 65, Loss: 0.00009249573732, Improvement: 0.00000057647366, Best Loss: 0.00002765138743 in Epoch 63, Time: 49.01 seconds
Epoch 66
Epoch 66, Loss: 0.00012426854970, Improvement: 0.00003177281239, Best Loss: 0.00002765138743 in Epoch 63, Time: 49.04 seconds
Epoch 67
Epoch 67, Loss: 0.00010535345608, Improvement: -0.00001891509362, Best Loss: 0.00002765138743 in Epoch 63, Time: 49.04 seconds
Epoch 68
Epoch 68, Loss: 0.00008454504363, Improvement: -0.00002080841245, Best Loss: 0.00002765138743 in Epoch 63, Time: 48.99 seconds
Epoch 69
Epoch 69, Loss: 0.00008400117468, Improvement: -0.00000054386895, Best Loss: 0.00002765138743 in Epoch 63, Time: 48.99 seconds
Epoch 70
Epoch 70, Loss: 0.00008375125914, Improvement: -0.00000024991554, Best Loss: 0.00002765138743 in Epoch 63, Time: 49.06 seconds
Epoch 71
Epoch 71, Loss: 0.00008702493721, Improvement: 0.00000327367807, Best Loss: 0.00002765138743 in Epoch 63, Time: 49.09 seconds
Epoch 72
Epoch 72, Loss: 0.00008113937632, Improvement: -0.00000588556089, Best Loss: 0.00002765138743 in Epoch 63, Time: 49.02 seconds
Epoch 73
Epoch 73, Loss: 0.00008299866033, Improvement: 0.00000185928400, Best Loss: 0.00002765138743 in Epoch 63, Time: 49.07 seconds
Epoch 74
Epoch 74, Loss: 0.00008422737490, Improvement: 0.00000122871458, Best Loss: 0.00002765138743 in Epoch 63, Time: 49.05 seconds
Epoch 75
Epoch 75, Loss: 0.00008992164442, Improvement: 0.00000569426952, Best Loss: 0.00002765138743 in Epoch 63, Time: 49.08 seconds
Epoch 76
Epoch 76, Loss: 0.00008279163127, Improvement: -0.00000713001316, Best Loss: 0.00002765138743 in Epoch 63, Time: 49.07 seconds
Epoch 77
Epoch 77, Loss: 0.00008099643151, Improvement: -0.00000179519976, Best Loss: 0.00002765138743 in Epoch 63, Time: 49.06 seconds
Epoch 78
Epoch 78, Loss: 0.00008287419630, Improvement: 0.00000187776479, Best Loss: 0.00002765138743 in Epoch 63, Time: 49.02 seconds
Epoch 79
Epoch 79, Loss: 0.00007497135522, Improvement: -0.00000790284108, Best Loss: 0.00002765138743 in Epoch 63, Time: 49.05 seconds
Epoch 80
Epoch 80, Loss: 0.00007879238153, Improvement: 0.00000382102632, Best Loss: 0.00002765138743 in Epoch 63, Time: 49.06 seconds
Epoch 81
Epoch 81, Loss: 0.00007309786054, Improvement: -0.00000569452100, Best Loss: 0.00002765138743 in Epoch 63, Time: 49.01 seconds
Epoch 82
Epoch 82, Loss: 0.00008483502688, Improvement: 0.00001173716634, Best Loss: 0.00002765138743 in Epoch 63, Time: 49.08 seconds
Epoch 83
Epoch 83, Loss: 0.00007568869519, Improvement: -0.00000914633169, Best Loss: 0.00002765138743 in Epoch 63, Time: 49.05 seconds
Epoch 84
Epoch 84, Loss: 0.00007300516091, Improvement: -0.00000268353428, Best Loss: 0.00002765138743 in Epoch 63, Time: 49.07 seconds
Epoch 85
Epoch 85, Loss: 0.00007572697111, Improvement: 0.00000272181020, Best Loss: 0.00002765138743 in Epoch 63, Time: 49.04 seconds
Epoch 86
A best model at epoch 86 has been saved with training loss 0.00002694376599.
Epoch 86, Loss: 0.00007056021785, Improvement: -0.00000516675326, Best Loss: 0.00002694376599 in Epoch 86, Time: 49.13 seconds
Epoch 87
Epoch 87, Loss: 0.00006541224728, Improvement: -0.00000514797057, Best Loss: 0.00002694376599 in Epoch 86, Time: 49.06 seconds
Epoch 88
Epoch 88, Loss: 0.00007673449252, Improvement: 0.00001132224524, Best Loss: 0.00002694376599 in Epoch 86, Time: 49.04 seconds
Epoch 89
Epoch 89, Loss: 0.00007219653984, Improvement: -0.00000453795268, Best Loss: 0.00002694376599 in Epoch 86, Time: 48.99 seconds
Epoch 90
Epoch 90, Loss: 0.00007759786080, Improvement: 0.00000540132096, Best Loss: 0.00002694376599 in Epoch 86, Time: 49.09 seconds
Epoch 91
Epoch 91, Loss: 0.00007147629681, Improvement: -0.00000612156399, Best Loss: 0.00002694376599 in Epoch 86, Time: 49.09 seconds
Epoch 92
Epoch 92, Loss: 0.00007052309256, Improvement: -0.00000095320425, Best Loss: 0.00002694376599 in Epoch 86, Time: 49.06 seconds
Epoch 93
Epoch 93, Loss: 0.00007285952115, Improvement: 0.00000233642859, Best Loss: 0.00002694376599 in Epoch 86, Time: 49.06 seconds
Epoch 94
Epoch 94, Loss: 0.00006228042674, Improvement: -0.00001057909441, Best Loss: 0.00002694376599 in Epoch 86, Time: 49.09 seconds
Epoch 95
Epoch 95, Loss: 0.00006797218297, Improvement: 0.00000569175624, Best Loss: 0.00002694376599 in Epoch 86, Time: 49.11 seconds
Epoch 96
Epoch 96, Loss: 0.00006909630275, Improvement: 0.00000112411978, Best Loss: 0.00002694376599 in Epoch 86, Time: 49.04 seconds
Epoch 97
Epoch 97, Loss: 0.00006155974799, Improvement: -0.00000753655476, Best Loss: 0.00002694376599 in Epoch 86, Time: 49.07 seconds
Epoch 98
Epoch 98, Loss: 0.00006429550670, Improvement: 0.00000273575871, Best Loss: 0.00002694376599 in Epoch 86, Time: 49.05 seconds
Epoch 99
Epoch 99, Loss: 0.00006695841428, Improvement: 0.00000266290758, Best Loss: 0.00002694376599 in Epoch 86, Time: 49.17 seconds
Epoch 100
Model saving checkpoint: the model trained after epoch 100 has been saved with the training losses.
Epoch 100, Loss: 0.00006560360090, Improvement: -0.00000135481338, Best Loss: 0.00002694376599 in Epoch 86, Time: 49.16 seconds
Epoch 101
Epoch 101, Loss: 0.00006011213520, Improvement: -0.00000549146570, Best Loss: 0.00002694376599 in Epoch 86, Time: 49.08 seconds
Epoch 102
Epoch 102, Loss: 0.00007057897047, Improvement: 0.00001046683527, Best Loss: 0.00002694376599 in Epoch 86, Time: 49.08 seconds
Epoch 103
Epoch 103, Loss: 0.00005658352489, Improvement: -0.00001399544558, Best Loss: 0.00002694376599 in Epoch 86, Time: 49.06 seconds
Epoch 104
A best model at epoch 104 has been saved with training loss 0.00002161422708.
Epoch 104, Loss: 0.00006136712686, Improvement: 0.00000478360196, Best Loss: 0.00002161422708 in Epoch 104, Time: 49.07 seconds
Epoch 105
A best model at epoch 105 has been saved with training loss 0.00001764688932.
Epoch 105, Loss: 0.00006024058757, Improvement: -0.00000112653928, Best Loss: 0.00001764688932 in Epoch 105, Time: 49.13 seconds
Epoch 106
Epoch 106, Loss: 0.00005968212913, Improvement: -0.00000055845845, Best Loss: 0.00001764688932 in Epoch 105, Time: 49.04 seconds
Epoch 107
Epoch 107, Loss: 0.00018135428231, Improvement: 0.00012167215319, Best Loss: 0.00001764688932 in Epoch 105, Time: 49.11 seconds
Epoch 108
Epoch 108, Loss: 0.00007211969208, Improvement: -0.00010923459023, Best Loss: 0.00001764688932 in Epoch 105, Time: 49.00 seconds
Epoch 109
Epoch 109, Loss: 0.00006637833849, Improvement: -0.00000574135359, Best Loss: 0.00001764688932 in Epoch 105, Time: 49.10 seconds
Epoch 110
Epoch 110, Loss: 0.00006502601533, Improvement: -0.00000135232316, Best Loss: 0.00001764688932 in Epoch 105, Time: 49.09 seconds
Epoch 111
Epoch 111, Loss: 0.00006444749408, Improvement: -0.00000057852125, Best Loss: 0.00001764688932 in Epoch 105, Time: 49.07 seconds
Epoch 112
Epoch 112, Loss: 0.00005761220821, Improvement: -0.00000683528587, Best Loss: 0.00001764688932 in Epoch 105, Time: 49.04 seconds
Epoch 113
Epoch 113, Loss: 0.00005943114133, Improvement: 0.00000181893312, Best Loss: 0.00001764688932 in Epoch 105, Time: 49.11 seconds
Epoch 114
Epoch 114, Loss: 0.00005733020404, Improvement: -0.00000210093729, Best Loss: 0.00001764688932 in Epoch 105, Time: 49.27 seconds
Epoch 115
Epoch 115, Loss: 0.00005819660125, Improvement: 0.00000086639721, Best Loss: 0.00001764688932 in Epoch 105, Time: 49.31 seconds
Epoch 116
Epoch 116, Loss: 0.00005833666755, Improvement: 0.00000014006629, Best Loss: 0.00001764688932 in Epoch 105, Time: 49.09 seconds
Epoch 117
Epoch 117, Loss: 0.00005718420224, Improvement: -0.00000115246531, Best Loss: 0.00001764688932 in Epoch 105, Time: 49.09 seconds
Epoch 118
Epoch 118, Loss: 0.00008200260660, Improvement: 0.00002481840436, Best Loss: 0.00001764688932 in Epoch 105, Time: 49.09 seconds
Epoch 119
Epoch 119, Loss: 0.00005588509647, Improvement: -0.00002611751013, Best Loss: 0.00001764688932 in Epoch 105, Time: 49.05 seconds
Epoch 120
Epoch 120, Loss: 0.00004934696618, Improvement: -0.00000653813029, Best Loss: 0.00001764688932 in Epoch 105, Time: 49.07 seconds
Epoch 121
Epoch 121, Loss: 0.00005646074896, Improvement: 0.00000711378278, Best Loss: 0.00001764688932 in Epoch 105, Time: 49.11 seconds
Epoch 122
Epoch 122, Loss: 0.00005404682778, Improvement: -0.00000241392118, Best Loss: 0.00001764688932 in Epoch 105, Time: 49.00 seconds
Epoch 123
Epoch 123, Loss: 0.00005097031283, Improvement: -0.00000307651495, Best Loss: 0.00001764688932 in Epoch 105, Time: 49.04 seconds
Epoch 124
Epoch 124, Loss: 0.00005403310164, Improvement: 0.00000306278881, Best Loss: 0.00001764688932 in Epoch 105, Time: 49.06 seconds
Epoch 125
Epoch 125, Loss: 0.00005532906441, Improvement: 0.00000129596277, Best Loss: 0.00001764688932 in Epoch 105, Time: 49.08 seconds
Epoch 126
Epoch 126, Loss: 0.00004970172921, Improvement: -0.00000562733520, Best Loss: 0.00001764688932 in Epoch 105, Time: 49.10 seconds
Epoch 127
Epoch 127, Loss: 0.00005786888322, Improvement: 0.00000816715401, Best Loss: 0.00001764688932 in Epoch 105, Time: 49.17 seconds
Epoch 128
Epoch 128, Loss: 0.00004712112805, Improvement: -0.00001074775516, Best Loss: 0.00001764688932 in Epoch 105, Time: 49.14 seconds
Epoch 129
Epoch 129, Loss: 0.00005421808713, Improvement: 0.00000709695907, Best Loss: 0.00001764688932 in Epoch 105, Time: 49.17 seconds
Epoch 130
Epoch 130, Loss: 0.00005661959428, Improvement: 0.00000240150716, Best Loss: 0.00001764688932 in Epoch 105, Time: 49.10 seconds
Epoch 131
Epoch 131, Loss: 0.00004630341603, Improvement: -0.00001031617825, Best Loss: 0.00001764688932 in Epoch 105, Time: 49.09 seconds
Epoch 132
Epoch 132, Loss: 0.00005014591560, Improvement: 0.00000384249957, Best Loss: 0.00001764688932 in Epoch 105, Time: 49.04 seconds
Epoch 133
Epoch 133, Loss: 0.00005058978034, Improvement: 0.00000044386475, Best Loss: 0.00001764688932 in Epoch 105, Time: 49.06 seconds
Epoch 134
Epoch 134, Loss: 0.00004548836422, Improvement: -0.00000510141613, Best Loss: 0.00001764688932 in Epoch 105, Time: 49.05 seconds
Epoch 135
Epoch 135, Loss: 0.00005337905565, Improvement: 0.00000789069143, Best Loss: 0.00001764688932 in Epoch 105, Time: 49.10 seconds
Epoch 136
Epoch 136, Loss: 0.00004818504176, Improvement: -0.00000519401388, Best Loss: 0.00001764688932 in Epoch 105, Time: 49.07 seconds
Epoch 137
A best model at epoch 137 has been saved with training loss 0.00001492664887.
Epoch 137, Loss: 0.00004983057671, Improvement: 0.00000164553495, Best Loss: 0.00001492664887 in Epoch 137, Time: 49.14 seconds
Epoch 138
Epoch 138, Loss: 0.00004870855200, Improvement: -0.00000112202472, Best Loss: 0.00001492664887 in Epoch 137, Time: 49.11 seconds
Epoch 139
Epoch 139, Loss: 0.00004992456236, Improvement: 0.00000121601036, Best Loss: 0.00001492664887 in Epoch 137, Time: 49.10 seconds
Epoch 140
Epoch 140, Loss: 0.00012697053760, Improvement: 0.00007704597525, Best Loss: 0.00001492664887 in Epoch 137, Time: 49.11 seconds
Epoch 141
Epoch 141, Loss: 0.00004639307498, Improvement: -0.00008057746262, Best Loss: 0.00001492664887 in Epoch 137, Time: 49.13 seconds
Epoch 142
Epoch 142, Loss: 0.00004306559137, Improvement: -0.00000332748361, Best Loss: 0.00001492664887 in Epoch 137, Time: 49.13 seconds
Epoch 143
Epoch 143, Loss: 0.00004686151076, Improvement: 0.00000379591939, Best Loss: 0.00001492664887 in Epoch 137, Time: 49.13 seconds
Epoch 144
Epoch 144, Loss: 0.00005003304802, Improvement: 0.00000317153726, Best Loss: 0.00001492664887 in Epoch 137, Time: 49.04 seconds
Epoch 145
Epoch 145, Loss: 0.00004465394907, Improvement: -0.00000537909895, Best Loss: 0.00001492664887 in Epoch 137, Time: 49.18 seconds
Epoch 146
Epoch 146, Loss: 0.00005184638283, Improvement: 0.00000719243376, Best Loss: 0.00001492664887 in Epoch 137, Time: 49.06 seconds
Epoch 147
Epoch 147, Loss: 0.00004068292980, Improvement: -0.00001116345303, Best Loss: 0.00001492664887 in Epoch 137, Time: 49.12 seconds
Epoch 148
Epoch 148, Loss: 0.00004399991318, Improvement: 0.00000331698338, Best Loss: 0.00001492664887 in Epoch 137, Time: 49.09 seconds
Epoch 149
Epoch 149, Loss: 0.00004477744033, Improvement: 0.00000077752715, Best Loss: 0.00001492664887 in Epoch 137, Time: 49.11 seconds
Epoch 150
Model saving checkpoint: the model trained after epoch 150 has been saved with the training losses.
Epoch 150, Loss: 0.00004648214712, Improvement: 0.00000170470679, Best Loss: 0.00001492664887 in Epoch 137, Time: 49.14 seconds
Epoch 151
Epoch 151, Loss: 0.00004496300872, Improvement: -0.00000151913840, Best Loss: 0.00001492664887 in Epoch 137, Time: 49.11 seconds
Epoch 152
Epoch 152, Loss: 0.00004722762399, Improvement: 0.00000226461527, Best Loss: 0.00001492664887 in Epoch 137, Time: 49.11 seconds
Epoch 153
Epoch 153, Loss: 0.00004450287388, Improvement: -0.00000272475010, Best Loss: 0.00001492664887 in Epoch 137, Time: 49.17 seconds
Epoch 154
Epoch 154, Loss: 0.00004728949239, Improvement: 0.00000278661851, Best Loss: 0.00001492664887 in Epoch 137, Time: 49.14 seconds
Epoch 155
Epoch 155, Loss: 0.00004633537248, Improvement: -0.00000095411992, Best Loss: 0.00001492664887 in Epoch 137, Time: 49.15 seconds
Epoch 156
Epoch 156, Loss: 0.00005064155813, Improvement: 0.00000430618565, Best Loss: 0.00001492664887 in Epoch 137, Time: 49.10 seconds
Epoch 157
Epoch 157, Loss: 0.00004256807689, Improvement: -0.00000807348123, Best Loss: 0.00001492664887 in Epoch 137, Time: 49.16 seconds
Epoch 158
Epoch 158, Loss: 0.00004456582553, Improvement: 0.00000199774863, Best Loss: 0.00001492664887 in Epoch 137, Time: 49.06 seconds
Epoch 159
Epoch 159, Loss: 0.00004189924479, Improvement: -0.00000266658074, Best Loss: 0.00001492664887 in Epoch 137, Time: 49.12 seconds
Epoch 160
Epoch 160, Loss: 0.00006433891313, Improvement: 0.00002243966834, Best Loss: 0.00001492664887 in Epoch 137, Time: 49.25 seconds
Epoch 161
Epoch 161, Loss: 0.00004408423111, Improvement: -0.00002025468201, Best Loss: 0.00001492664887 in Epoch 137, Time: 49.23 seconds
Epoch 162
Epoch 162, Loss: 0.00004317486197, Improvement: -0.00000090936914, Best Loss: 0.00001492664887 in Epoch 137, Time: 49.28 seconds
Epoch 163
Epoch 163, Loss: 0.00005809125435, Improvement: 0.00001491639238, Best Loss: 0.00001492664887 in Epoch 137, Time: 49.22 seconds
Epoch 164
Epoch 164, Loss: 0.00003853116937, Improvement: -0.00001956008498, Best Loss: 0.00001492664887 in Epoch 137, Time: 49.21 seconds
Epoch 165
Epoch 165, Loss: 0.00004561199023, Improvement: 0.00000708082086, Best Loss: 0.00001492664887 in Epoch 137, Time: 49.23 seconds
Epoch 166
Epoch 166, Loss: 0.00004220357475, Improvement: -0.00000340841548, Best Loss: 0.00001492664887 in Epoch 137, Time: 49.23 seconds
Epoch 167
Epoch 167, Loss: 0.00004600846354, Improvement: 0.00000380488879, Best Loss: 0.00001492664887 in Epoch 137, Time: 49.19 seconds
Epoch 168
Epoch 168, Loss: 0.00003769225336, Improvement: -0.00000831621018, Best Loss: 0.00001492664887 in Epoch 137, Time: 49.19 seconds
Epoch 169
Epoch 169, Loss: 0.00004207207553, Improvement: 0.00000437982218, Best Loss: 0.00001492664887 in Epoch 137, Time: 49.19 seconds
Epoch 170
Epoch 170, Loss: 0.00003828216094, Improvement: -0.00000378991459, Best Loss: 0.00001492664887 in Epoch 137, Time: 49.21 seconds
Epoch 171
Epoch 171, Loss: 0.00004700720268, Improvement: 0.00000872504174, Best Loss: 0.00001492664887 in Epoch 137, Time: 49.18 seconds
Epoch 172
Epoch 172, Loss: 0.00007211852890, Improvement: 0.00002511132622, Best Loss: 0.00001492664887 in Epoch 137, Time: 49.30 seconds
Epoch 173
A best model at epoch 173 has been saved with training loss 0.00001296221944.
Epoch 173, Loss: 0.00003964029372, Improvement: -0.00003247823518, Best Loss: 0.00001296221944 in Epoch 173, Time: 49.24 seconds
Epoch 174
Epoch 174, Loss: 0.00003748799218, Improvement: -0.00000215230154, Best Loss: 0.00001296221944 in Epoch 173, Time: 49.23 seconds
Epoch 175
Epoch 175, Loss: 0.00004372057843, Improvement: 0.00000623258625, Best Loss: 0.00001296221944 in Epoch 173, Time: 49.16 seconds
Epoch 176
Epoch 176, Loss: 0.00003933262623, Improvement: -0.00000438795221, Best Loss: 0.00001296221944 in Epoch 173, Time: 49.25 seconds
Epoch 177
Epoch 177, Loss: 0.00005097245063, Improvement: 0.00001163982441, Best Loss: 0.00001296221944 in Epoch 173, Time: 49.16 seconds
Epoch 178
Epoch 178, Loss: 0.00003873156058, Improvement: -0.00001224089005, Best Loss: 0.00001296221944 in Epoch 173, Time: 49.24 seconds
Epoch 179
Epoch 179, Loss: 0.00003622856456, Improvement: -0.00000250299602, Best Loss: 0.00001296221944 in Epoch 173, Time: 49.14 seconds
Epoch 180
Epoch 180, Loss: 0.00004937956960, Improvement: 0.00001315100504, Best Loss: 0.00001296221944 in Epoch 173, Time: 49.15 seconds
Epoch 181
Epoch 181, Loss: 0.00004065948386, Improvement: -0.00000872008574, Best Loss: 0.00001296221944 in Epoch 173, Time: 49.12 seconds
Epoch 182
Epoch 182, Loss: 0.00004544887526, Improvement: 0.00000478939140, Best Loss: 0.00001296221944 in Epoch 173, Time: 49.23 seconds
Epoch 183
Epoch 183, Loss: 0.00003720789674, Improvement: -0.00000824097852, Best Loss: 0.00001296221944 in Epoch 173, Time: 49.15 seconds
Epoch 184
Epoch 184, Loss: 0.00003782747954, Improvement: 0.00000061958281, Best Loss: 0.00001296221944 in Epoch 173, Time: 49.18 seconds
Epoch 185
A best model at epoch 185 has been saved with training loss 0.00001192654145.
Epoch 185, Loss: 0.00003352675730, Improvement: -0.00000430072224, Best Loss: 0.00001192654145 in Epoch 185, Time: 49.28 seconds
Epoch 186
Epoch 186, Loss: 0.00003716300484, Improvement: 0.00000363624754, Best Loss: 0.00001192654145 in Epoch 185, Time: 49.29 seconds
Epoch 187
Epoch 187, Loss: 0.00005038953425, Improvement: 0.00001322652941, Best Loss: 0.00001192654145 in Epoch 185, Time: 49.28 seconds
Epoch 188
Epoch 188, Loss: 0.00003891763882, Improvement: -0.00001147189543, Best Loss: 0.00001192654145 in Epoch 185, Time: 49.23 seconds
Epoch 189
Epoch 189, Loss: 0.00003567157948, Improvement: -0.00000324605934, Best Loss: 0.00001192654145 in Epoch 185, Time: 49.27 seconds
Epoch 190
Epoch 190, Loss: 0.00004022761672, Improvement: 0.00000455603724, Best Loss: 0.00001192654145 in Epoch 185, Time: 49.27 seconds
Epoch 191
Epoch 191, Loss: 0.00003462885448, Improvement: -0.00000559876223, Best Loss: 0.00001192654145 in Epoch 185, Time: 49.26 seconds
Epoch 192
Epoch 192, Loss: 0.00003865109072, Improvement: 0.00000402223624, Best Loss: 0.00001192654145 in Epoch 185, Time: 49.26 seconds
Epoch 193
Epoch 193, Loss: 0.00004696500972, Improvement: 0.00000831391900, Best Loss: 0.00001192654145 in Epoch 185, Time: 49.28 seconds
Epoch 194
Epoch 194, Loss: 0.00003828651249, Improvement: -0.00000867849723, Best Loss: 0.00001192654145 in Epoch 185, Time: 49.20 seconds
Epoch 195
Epoch 195, Loss: 0.00003412966606, Improvement: -0.00000415684642, Best Loss: 0.00001192654145 in Epoch 185, Time: 49.28 seconds
Epoch 196
Epoch 196, Loss: 0.00003466939808, Improvement: 0.00000053973202, Best Loss: 0.00001192654145 in Epoch 185, Time: 49.24 seconds
Epoch 197
Epoch 197, Loss: 0.00004475539266, Improvement: 0.00001008599458, Best Loss: 0.00001192654145 in Epoch 185, Time: 49.21 seconds
Epoch 198
Epoch 198, Loss: 0.00003231758486, Improvement: -0.00001243780780, Best Loss: 0.00001192654145 in Epoch 185, Time: 49.24 seconds
Epoch 199
Epoch 199, Loss: 0.00003545958448, Improvement: 0.00000314199961, Best Loss: 0.00001192654145 in Epoch 185, Time: 49.19 seconds
Epoch 200
Model saving checkpoint: the model trained after epoch 200 has been saved with the training losses.
Epoch 200, Loss: 0.00003839380701, Improvement: 0.00000293422253, Best Loss: 0.00001192654145 in Epoch 185, Time: 49.22 seconds
Epoch 201
Epoch 201, Loss: 0.00003853215197, Improvement: 0.00000013834496, Best Loss: 0.00001192654145 in Epoch 185, Time: 49.26 seconds
Epoch 202
Epoch 202, Loss: 0.00003113350727, Improvement: -0.00000739864470, Best Loss: 0.00001192654145 in Epoch 185, Time: 49.24 seconds
Epoch 203
Epoch 203, Loss: 0.00003976395251, Improvement: 0.00000863044524, Best Loss: 0.00001192654145 in Epoch 185, Time: 49.22 seconds
Epoch 204
Epoch 204, Loss: 0.00004062477114, Improvement: 0.00000086081864, Best Loss: 0.00001192654145 in Epoch 185, Time: 49.25 seconds
Epoch 205
Epoch 205, Loss: 0.00004342437617, Improvement: 0.00000279960502, Best Loss: 0.00001192654145 in Epoch 185, Time: 49.30 seconds
Epoch 206
Epoch 206, Loss: 0.00003390388662, Improvement: -0.00000952048954, Best Loss: 0.00001192654145 in Epoch 185, Time: 49.31 seconds
Epoch 207
Epoch 207, Loss: 0.00003205572729, Improvement: -0.00000184815934, Best Loss: 0.00001192654145 in Epoch 185, Time: 49.29 seconds
Epoch 208
Epoch 208, Loss: 0.00004467653302, Improvement: 0.00001262080573, Best Loss: 0.00001192654145 in Epoch 185, Time: 49.36 seconds
Epoch 209
Epoch 209, Loss: 0.00003660245224, Improvement: -0.00000807408077, Best Loss: 0.00001192654145 in Epoch 185, Time: 49.31 seconds
Epoch 210
Epoch 210, Loss: 0.00003277476440, Improvement: -0.00000382768784, Best Loss: 0.00001192654145 in Epoch 185, Time: 49.34 seconds
Epoch 211
Epoch 211, Loss: 0.00003525168682, Improvement: 0.00000247692242, Best Loss: 0.00001192654145 in Epoch 185, Time: 49.37 seconds
Epoch 212
Epoch 212, Loss: 0.00003297385891, Improvement: -0.00000227782791, Best Loss: 0.00001192654145 in Epoch 185, Time: 49.28 seconds
Epoch 213
Epoch 213, Loss: 0.00003205858540, Improvement: -0.00000091527352, Best Loss: 0.00001192654145 in Epoch 185, Time: 49.26 seconds
Epoch 214
Epoch 214, Loss: 0.00004114413377, Improvement: 0.00000908554837, Best Loss: 0.00001192654145 in Epoch 185, Time: 49.36 seconds
Epoch 215
Epoch 215, Loss: 0.00003244199830, Improvement: -0.00000870213547, Best Loss: 0.00001192654145 in Epoch 185, Time: 49.32 seconds
Epoch 216
Epoch 216, Loss: 0.00003340630984, Improvement: 0.00000096431155, Best Loss: 0.00001192654145 in Epoch 185, Time: 49.28 seconds
Epoch 217
Epoch 217, Loss: 0.00004006892815, Improvement: 0.00000666261831, Best Loss: 0.00001192654145 in Epoch 185, Time: 49.24 seconds
Epoch 218
Epoch 218, Loss: 0.00003875580775, Improvement: -0.00000131312040, Best Loss: 0.00001192654145 in Epoch 185, Time: 49.29 seconds
Epoch 219
Epoch 219, Loss: 0.00003294588327, Improvement: -0.00000580992448, Best Loss: 0.00001192654145 in Epoch 185, Time: 49.28 seconds
Epoch 220
Epoch 220, Loss: 0.00003175283973, Improvement: -0.00000119304354, Best Loss: 0.00001192654145 in Epoch 185, Time: 49.29 seconds
Epoch 221
Epoch 221, Loss: 0.00003788340457, Improvement: 0.00000613056484, Best Loss: 0.00001192654145 in Epoch 185, Time: 49.31 seconds
Epoch 222
Epoch 222, Loss: 0.00004934071145, Improvement: 0.00001145730688, Best Loss: 0.00001192654145 in Epoch 185, Time: 49.31 seconds
Epoch 223
Epoch 223, Loss: 0.00003010801250, Improvement: -0.00001923269895, Best Loss: 0.00001192654145 in Epoch 185, Time: 49.33 seconds
Epoch 224
Epoch 224, Loss: 0.00003038418499, Improvement: 0.00000027617249, Best Loss: 0.00001192654145 in Epoch 185, Time: 49.37 seconds
Epoch 225
Epoch 225, Loss: 0.00003510238793, Improvement: 0.00000471820294, Best Loss: 0.00001192654145 in Epoch 185, Time: 49.33 seconds
Epoch 226
Epoch 226, Loss: 0.00003147769236, Improvement: -0.00000362469556, Best Loss: 0.00001192654145 in Epoch 185, Time: 49.39 seconds
Epoch 227
Epoch 227, Loss: 0.00004590485571, Improvement: 0.00001442716335, Best Loss: 0.00001192654145 in Epoch 185, Time: 49.34 seconds
Epoch 228
Epoch 228, Loss: 0.00002988510950, Improvement: -0.00001601974621, Best Loss: 0.00001192654145 in Epoch 185, Time: 49.32 seconds
Epoch 229
Epoch 229, Loss: 0.00003163639033, Improvement: 0.00000175128083, Best Loss: 0.00001192654145 in Epoch 185, Time: 49.33 seconds
Epoch 230
Epoch 230, Loss: 0.00003002541783, Improvement: -0.00000161097250, Best Loss: 0.00001192654145 in Epoch 185, Time: 49.33 seconds
Epoch 231
Epoch 231, Loss: 0.00002955617880, Improvement: -0.00000046923903, Best Loss: 0.00001192654145 in Epoch 185, Time: 49.32 seconds
Epoch 232
Epoch 232, Loss: 0.00003180790313, Improvement: 0.00000225172433, Best Loss: 0.00001192654145 in Epoch 185, Time: 49.29 seconds
Epoch 233
Epoch 233, Loss: 0.00003133793218, Improvement: -0.00000046997095, Best Loss: 0.00001192654145 in Epoch 185, Time: 49.30 seconds
Epoch 234
Epoch 234, Loss: 0.00003695031666, Improvement: 0.00000561238448, Best Loss: 0.00001192654145 in Epoch 185, Time: 49.34 seconds
Epoch 235
Epoch 235, Loss: 0.00002910477383, Improvement: -0.00000784554283, Best Loss: 0.00001192654145 in Epoch 185, Time: 49.41 seconds
Epoch 236
Epoch 236, Loss: 0.00004163347259, Improvement: 0.00001252869876, Best Loss: 0.00001192654145 in Epoch 185, Time: 49.28 seconds
Epoch 237
Epoch 237, Loss: 0.00003493038136, Improvement: -0.00000670309123, Best Loss: 0.00001192654145 in Epoch 185, Time: 49.35 seconds
Epoch 238
Epoch 238, Loss: 0.00002960209304, Improvement: -0.00000532828832, Best Loss: 0.00001192654145 in Epoch 185, Time: 49.49 seconds
Epoch 239
Epoch 239, Loss: 0.00002854039939, Improvement: -0.00000106169365, Best Loss: 0.00001192654145 in Epoch 185, Time: 49.35 seconds
Epoch 240
Epoch 240, Loss: 0.00003349542690, Improvement: 0.00000495502751, Best Loss: 0.00001192654145 in Epoch 185, Time: 49.41 seconds
Epoch 241
Epoch 241, Loss: 0.00003399144077, Improvement: 0.00000049601388, Best Loss: 0.00001192654145 in Epoch 185, Time: 49.35 seconds
Epoch 242
Epoch 242, Loss: 0.00003102980438, Improvement: -0.00000296163639, Best Loss: 0.00001192654145 in Epoch 185, Time: 49.32 seconds
Epoch 243
Epoch 243, Loss: 0.00003140454521, Improvement: 0.00000037474083, Best Loss: 0.00001192654145 in Epoch 185, Time: 49.36 seconds
Epoch 244
Epoch 244, Loss: 0.00003363142972, Improvement: 0.00000222688451, Best Loss: 0.00001192654145 in Epoch 185, Time: 49.24 seconds
Epoch 245
Epoch 245, Loss: 0.00003578732859, Improvement: 0.00000215589887, Best Loss: 0.00001192654145 in Epoch 185, Time: 49.35 seconds
Epoch 246
Epoch 246, Loss: 0.00003074133369, Improvement: -0.00000504599490, Best Loss: 0.00001192654145 in Epoch 185, Time: 49.30 seconds
Epoch 247
Epoch 247, Loss: 0.00003856469759, Improvement: 0.00000782336390, Best Loss: 0.00001192654145 in Epoch 185, Time: 49.30 seconds
Epoch 248
Epoch 248, Loss: 0.00003027186395, Improvement: -0.00000829283365, Best Loss: 0.00001192654145 in Epoch 185, Time: 49.29 seconds
Epoch 249
Epoch 249, Loss: 0.00002942020374, Improvement: -0.00000085166021, Best Loss: 0.00001192654145 in Epoch 185, Time: 49.28 seconds
Epoch 250
Model saving checkpoint: the model trained after epoch 250 has been saved with the training losses.
Epoch 250, Loss: 0.00002951568850, Improvement: 0.00000009548476, Best Loss: 0.00001192654145 in Epoch 185, Time: 49.31 seconds
Epoch 251
Epoch 251, Loss: 0.00004261861603, Improvement: 0.00001310292753, Best Loss: 0.00001192654145 in Epoch 185, Time: 49.28 seconds
Epoch 252
A best model at epoch 252 has been saved with training loss 0.00000860486034.
Epoch 252, Loss: 0.00003245946220, Improvement: -0.00001015915384, Best Loss: 0.00000860486034 in Epoch 252, Time: 49.41 seconds
Epoch 253
Epoch 253, Loss: 0.00002738179596, Improvement: -0.00000507766623, Best Loss: 0.00000860486034 in Epoch 252, Time: 49.40 seconds
Epoch 254
Epoch 254, Loss: 0.00003030378816, Improvement: 0.00000292199219, Best Loss: 0.00000860486034 in Epoch 252, Time: 49.35 seconds
Epoch 255
Epoch 255, Loss: 0.00002901679965, Improvement: -0.00000128698851, Best Loss: 0.00000860486034 in Epoch 252, Time: 49.42 seconds
Epoch 256
Epoch 256, Loss: 0.00002956716958, Improvement: 0.00000055036993, Best Loss: 0.00000860486034 in Epoch 252, Time: 49.37 seconds
Epoch 257
Epoch 257, Loss: 0.00002880263569, Improvement: -0.00000076453389, Best Loss: 0.00000860486034 in Epoch 252, Time: 49.39 seconds
Epoch 258
Epoch 258, Loss: 0.00003087918938, Improvement: 0.00000207655369, Best Loss: 0.00000860486034 in Epoch 252, Time: 49.44 seconds
Epoch 259
Epoch 259, Loss: 0.00003744526085, Improvement: 0.00000656607146, Best Loss: 0.00000860486034 in Epoch 252, Time: 49.44 seconds
Epoch 260
Epoch 260, Loss: 0.00003428440425, Improvement: -0.00000316085660, Best Loss: 0.00000860486034 in Epoch 252, Time: 49.32 seconds
Epoch 261
Epoch 261, Loss: 0.00002732385196, Improvement: -0.00000696055229, Best Loss: 0.00000860486034 in Epoch 252, Time: 49.33 seconds
Epoch 262
Epoch 262, Loss: 0.00002706972415, Improvement: -0.00000025412781, Best Loss: 0.00000860486034 in Epoch 252, Time: 49.35 seconds
Epoch 263
Epoch 263, Loss: 0.00003243960282, Improvement: 0.00000536987867, Best Loss: 0.00000860486034 in Epoch 252, Time: 49.36 seconds
Epoch 264
Epoch 264, Loss: 0.00002703326928, Improvement: -0.00000540633354, Best Loss: 0.00000860486034 in Epoch 252, Time: 49.32 seconds
Epoch 265
Epoch 265, Loss: 0.00003071184353, Improvement: 0.00000367857426, Best Loss: 0.00000860486034 in Epoch 252, Time: 49.36 seconds
Epoch 266
Epoch 266, Loss: 0.00003720466411, Improvement: 0.00000649282057, Best Loss: 0.00000860486034 in Epoch 252, Time: 49.37 seconds
Epoch 267
Epoch 267, Loss: 0.00002624690555, Improvement: -0.00001095775855, Best Loss: 0.00000860486034 in Epoch 252, Time: 49.35 seconds
Epoch 268
Epoch 268, Loss: 0.00004827741418, Improvement: 0.00002203050863, Best Loss: 0.00000860486034 in Epoch 252, Time: 49.38 seconds
Epoch 269
Epoch 269, Loss: 0.00002793261433, Improvement: -0.00002034479985, Best Loss: 0.00000860486034 in Epoch 252, Time: 49.35 seconds
Epoch 270
Epoch 270, Loss: 0.00002645883456, Improvement: -0.00000147377977, Best Loss: 0.00000860486034 in Epoch 252, Time: 49.36 seconds
Epoch 271
Epoch 271, Loss: 0.00002433076290, Improvement: -0.00000212807166, Best Loss: 0.00000860486034 in Epoch 252, Time: 49.36 seconds
Epoch 272
Epoch 272, Loss: 0.00003843254509, Improvement: 0.00001410178219, Best Loss: 0.00000860486034 in Epoch 252, Time: 49.41 seconds
Epoch 273
Epoch 273, Loss: 0.00002604867478, Improvement: -0.00001238387031, Best Loss: 0.00000860486034 in Epoch 252, Time: 49.37 seconds
Epoch 274
Epoch 274, Loss: 0.00002639621189, Improvement: 0.00000034753711, Best Loss: 0.00000860486034 in Epoch 252, Time: 49.34 seconds
Epoch 275
Epoch 275, Loss: 0.00002823629618, Improvement: 0.00000184008429, Best Loss: 0.00000860486034 in Epoch 252, Time: 49.35 seconds
Epoch 276
Epoch 276, Loss: 0.00002733654269, Improvement: -0.00000089975349, Best Loss: 0.00000860486034 in Epoch 252, Time: 49.39 seconds
Epoch 277
Epoch 277, Loss: 0.00002731007219, Improvement: -0.00000002647050, Best Loss: 0.00000860486034 in Epoch 252, Time: 49.32 seconds
Epoch 278
Epoch 278, Loss: 0.00003874201002, Improvement: 0.00001143193782, Best Loss: 0.00000860486034 in Epoch 252, Time: 49.36 seconds
Epoch 279
Epoch 279, Loss: 0.00002564888020, Improvement: -0.00001309312982, Best Loss: 0.00000860486034 in Epoch 252, Time: 49.33 seconds
Epoch 280
Epoch 280, Loss: 0.00002695585186, Improvement: 0.00000130697166, Best Loss: 0.00000860486034 in Epoch 252, Time: 49.33 seconds
Epoch 281
Epoch 281, Loss: 0.00002763264172, Improvement: 0.00000067678986, Best Loss: 0.00000860486034 in Epoch 252, Time: 49.38 seconds
Epoch 282
Epoch 282, Loss: 0.00003127226576, Improvement: 0.00000363962404, Best Loss: 0.00000860486034 in Epoch 252, Time: 49.43 seconds
Epoch 283
Epoch 283, Loss: 0.00003667823706, Improvement: 0.00000540597130, Best Loss: 0.00000860486034 in Epoch 252, Time: 49.41 seconds
Epoch 284
Epoch 284, Loss: 0.00002519810965, Improvement: -0.00001148012741, Best Loss: 0.00000860486034 in Epoch 252, Time: 49.53 seconds
Epoch 285
Epoch 285, Loss: 0.00002724344609, Improvement: 0.00000204533644, Best Loss: 0.00000860486034 in Epoch 252, Time: 49.41 seconds
Epoch 286
Epoch 286, Loss: 0.00002622697333, Improvement: -0.00000101647276, Best Loss: 0.00000860486034 in Epoch 252, Time: 49.56 seconds
Epoch 287
Epoch 287, Loss: 0.00002815781403, Improvement: 0.00000193084070, Best Loss: 0.00000860486034 in Epoch 252, Time: 49.48 seconds
Epoch 288
Epoch 288, Loss: 0.00003934054213, Improvement: 0.00001118272810, Best Loss: 0.00000860486034 in Epoch 252, Time: 49.50 seconds
Epoch 289
Epoch 289, Loss: 0.00002684849440, Improvement: -0.00001249204773, Best Loss: 0.00000860486034 in Epoch 252, Time: 49.52 seconds
Epoch 290
Epoch 290, Loss: 0.00002494412817, Improvement: -0.00000190436623, Best Loss: 0.00000860486034 in Epoch 252, Time: 49.48 seconds
Epoch 291
Epoch 291, Loss: 0.00003397574692, Improvement: 0.00000903161875, Best Loss: 0.00000860486034 in Epoch 252, Time: 49.42 seconds
Epoch 292
Epoch 292, Loss: 0.00002786059681, Improvement: -0.00000611515011, Best Loss: 0.00000860486034 in Epoch 252, Time: 49.47 seconds
Epoch 293
Epoch 293, Loss: 0.00002448001226, Improvement: -0.00000338058455, Best Loss: 0.00000860486034 in Epoch 252, Time: 49.44 seconds
Epoch 294
Epoch 294, Loss: 0.00003167005693, Improvement: 0.00000719004467, Best Loss: 0.00000860486034 in Epoch 252, Time: 49.37 seconds
Epoch 295
Epoch 295, Loss: 0.00002793383203, Improvement: -0.00000373622490, Best Loss: 0.00000860486034 in Epoch 252, Time: 49.38 seconds
Epoch 296
Epoch 296, Loss: 0.00002976823560, Improvement: 0.00000183440356, Best Loss: 0.00000860486034 in Epoch 252, Time: 49.46 seconds
Epoch 297
Epoch 297, Loss: 0.00002754885859, Improvement: -0.00000221937701, Best Loss: 0.00000860486034 in Epoch 252, Time: 49.51 seconds
Epoch 298
Epoch 298, Loss: 0.00002537246820, Improvement: -0.00000217639038, Best Loss: 0.00000860486034 in Epoch 252, Time: 49.51 seconds
Epoch 299
Epoch 299, Loss: 0.00004731020758, Improvement: 0.00002193773937, Best Loss: 0.00000860486034 in Epoch 252, Time: 49.49 seconds
Epoch 300
Model saving checkpoint: the model trained after epoch 300 has been saved with the training losses.
Epoch 300, Loss: 0.00002601088098, Improvement: -0.00002129932660, Best Loss: 0.00000860486034 in Epoch 252, Time: 49.46 seconds
Epoch 301
Epoch 301, Loss: 0.00002860843349, Improvement: 0.00000259755251, Best Loss: 0.00000860486034 in Epoch 252, Time: 49.43 seconds
Epoch 302
Epoch 302, Loss: 0.00002774319971, Improvement: -0.00000086523378, Best Loss: 0.00000860486034 in Epoch 252, Time: 49.53 seconds
Epoch 303
Epoch 303, Loss: 0.00002618586776, Improvement: -0.00000155733195, Best Loss: 0.00000860486034 in Epoch 252, Time: 49.46 seconds
Epoch 304
Epoch 304, Loss: 0.00003406087593, Improvement: 0.00000787500817, Best Loss: 0.00000860486034 in Epoch 252, Time: 49.49 seconds
Epoch 305
Epoch 305, Loss: 0.00002148365769, Improvement: -0.00001257721824, Best Loss: 0.00000860486034 in Epoch 252, Time: 49.48 seconds
Epoch 306
Epoch 306, Loss: 0.00002940110276, Improvement: 0.00000791744507, Best Loss: 0.00000860486034 in Epoch 252, Time: 49.42 seconds
Epoch 307
Epoch 307, Loss: 0.00002536708739, Improvement: -0.00000403401536, Best Loss: 0.00000860486034 in Epoch 252, Time: 49.61 seconds
Epoch 308
Epoch 308, Loss: 0.00003480185263, Improvement: 0.00000943476524, Best Loss: 0.00000860486034 in Epoch 252, Time: 49.56 seconds
Epoch 309
A best model at epoch 309 has been saved with training loss 0.00000813470160.
Epoch 309, Loss: 0.00002634253200, Improvement: -0.00000845932063, Best Loss: 0.00000813470160 in Epoch 309, Time: 49.56 seconds
Epoch 310
Epoch 310, Loss: 0.00002305420054, Improvement: -0.00000328833146, Best Loss: 0.00000813470160 in Epoch 309, Time: 49.49 seconds
Epoch 311
Epoch 311, Loss: 0.00003211188129, Improvement: 0.00000905768075, Best Loss: 0.00000813470160 in Epoch 309, Time: 49.48 seconds
Epoch 312
Epoch 312, Loss: 0.00002802883410, Improvement: -0.00000408304719, Best Loss: 0.00000813470160 in Epoch 309, Time: 49.43 seconds
Epoch 313
Epoch 313, Loss: 0.00002737061750, Improvement: -0.00000065821661, Best Loss: 0.00000813470160 in Epoch 309, Time: 49.45 seconds
Epoch 314
Epoch 314, Loss: 0.00002411829784, Improvement: -0.00000325231965, Best Loss: 0.00000813470160 in Epoch 309, Time: 49.48 seconds
Epoch 315
Epoch 315, Loss: 0.00002633144551, Improvement: 0.00000221314766, Best Loss: 0.00000813470160 in Epoch 309, Time: 49.52 seconds
Epoch 316
Epoch 316, Loss: 0.00003369649273, Improvement: 0.00000736504722, Best Loss: 0.00000813470160 in Epoch 309, Time: 49.48 seconds
Epoch 317
Epoch 317, Loss: 0.00002247862911, Improvement: -0.00001121786362, Best Loss: 0.00000813470160 in Epoch 309, Time: 49.50 seconds
Epoch 318
Epoch 318, Loss: 0.00006015075506, Improvement: 0.00003767212595, Best Loss: 0.00000813470160 in Epoch 309, Time: 49.49 seconds
Epoch 319
A best model at epoch 319 has been saved with training loss 0.00000693387938.
Epoch 319, Loss: 0.00002129663474, Improvement: -0.00003885412031, Best Loss: 0.00000693387938 in Epoch 319, Time: 49.50 seconds
Epoch 320
Epoch 320, Loss: 0.00002422386338, Improvement: 0.00000292722863, Best Loss: 0.00000693387938 in Epoch 319, Time: 49.49 seconds
Epoch 321
Epoch 321, Loss: 0.00002069803522, Improvement: -0.00000352582816, Best Loss: 0.00000693387938 in Epoch 319, Time: 49.43 seconds
Epoch 322
Epoch 322, Loss: 0.00002441678635, Improvement: 0.00000371875113, Best Loss: 0.00000693387938 in Epoch 319, Time: 49.61 seconds
Epoch 323
Epoch 323, Loss: 0.00002911263765, Improvement: 0.00000469585130, Best Loss: 0.00000693387938 in Epoch 319, Time: 49.58 seconds
Epoch 324
Epoch 324, Loss: 0.00002974532261, Improvement: 0.00000063268495, Best Loss: 0.00000693387938 in Epoch 319, Time: 49.50 seconds
Epoch 325
Epoch 325, Loss: 0.00002752020526, Improvement: -0.00000222511735, Best Loss: 0.00000693387938 in Epoch 319, Time: 49.51 seconds
Epoch 326
Epoch 326, Loss: 0.00002549354315, Improvement: -0.00000202666211, Best Loss: 0.00000693387938 in Epoch 319, Time: 49.50 seconds
Epoch 327
Epoch 327, Loss: 0.00002589375615, Improvement: 0.00000040021300, Best Loss: 0.00000693387938 in Epoch 319, Time: 49.47 seconds
Epoch 328
Epoch 328, Loss: 0.00003073769879, Improvement: 0.00000484394264, Best Loss: 0.00000693387938 in Epoch 319, Time: 49.63 seconds
Epoch 329
Epoch 329, Loss: 0.00002727812765, Improvement: -0.00000345957114, Best Loss: 0.00000693387938 in Epoch 319, Time: 49.54 seconds
Epoch 330
Epoch 330, Loss: 0.00002556027186, Improvement: -0.00000171785580, Best Loss: 0.00000693387938 in Epoch 319, Time: 49.62 seconds
Epoch 331
Epoch 331, Loss: 0.00004192008317, Improvement: 0.00001635981131, Best Loss: 0.00000693387938 in Epoch 319, Time: 49.59 seconds
Epoch 332
Epoch 332, Loss: 0.00003860264531, Improvement: -0.00000331743786, Best Loss: 0.00000693387938 in Epoch 319, Time: 49.59 seconds
Epoch 333
Epoch 333, Loss: 0.00002235395163, Improvement: -0.00001624869368, Best Loss: 0.00000693387938 in Epoch 319, Time: 49.60 seconds
Epoch 334
Epoch 334, Loss: 0.00002268128910, Improvement: 0.00000032733747, Best Loss: 0.00000693387938 in Epoch 319, Time: 49.68 seconds
Epoch 335
Epoch 335, Loss: 0.00002255729812, Improvement: -0.00000012399098, Best Loss: 0.00000693387938 in Epoch 319, Time: 49.58 seconds
Epoch 336
Epoch 336, Loss: 0.00002329710771, Improvement: 0.00000073980959, Best Loss: 0.00000693387938 in Epoch 319, Time: 49.54 seconds
Epoch 337
Epoch 337, Loss: 0.00003159870235, Improvement: 0.00000830159464, Best Loss: 0.00000693387938 in Epoch 319, Time: 49.57 seconds
Epoch 338
Epoch 338, Loss: 0.00002451412402, Improvement: -0.00000708457833, Best Loss: 0.00000693387938 in Epoch 319, Time: 49.47 seconds
Epoch 339
Epoch 339, Loss: 0.00002528159917, Improvement: 0.00000076747514, Best Loss: 0.00000693387938 in Epoch 319, Time: 49.45 seconds
Epoch 340
Epoch 340, Loss: 0.00002595199162, Improvement: 0.00000067039246, Best Loss: 0.00000693387938 in Epoch 319, Time: 49.48 seconds
Epoch 341
Epoch 341, Loss: 0.00003816734848, Improvement: 0.00001221535685, Best Loss: 0.00000693387938 in Epoch 319, Time: 49.49 seconds
Epoch 342
Epoch 342, Loss: 0.00002454907014, Improvement: -0.00001361827834, Best Loss: 0.00000693387938 in Epoch 319, Time: 49.52 seconds
Epoch 343
Epoch 343, Loss: 0.00002064289084, Improvement: -0.00000390617930, Best Loss: 0.00000693387938 in Epoch 319, Time: 49.50 seconds
Epoch 344
Epoch 344, Loss: 0.00002556047147, Improvement: 0.00000491758063, Best Loss: 0.00000693387938 in Epoch 319, Time: 49.41 seconds
Epoch 345
Epoch 345, Loss: 0.00002483533592, Improvement: -0.00000072513555, Best Loss: 0.00000693387938 in Epoch 319, Time: 49.42 seconds
Epoch 346
Epoch 346, Loss: 0.00003021527536, Improvement: 0.00000537993945, Best Loss: 0.00000693387938 in Epoch 319, Time: 49.42 seconds
Epoch 347
Epoch 347, Loss: 0.00005476108316, Improvement: 0.00002454580779, Best Loss: 0.00000693387938 in Epoch 319, Time: 49.36 seconds
Epoch 348
Epoch 348, Loss: 0.00002458653842, Improvement: -0.00003017454474, Best Loss: 0.00000693387938 in Epoch 319, Time: 49.48 seconds
Epoch 349
Epoch 349, Loss: 0.00001944878901, Improvement: -0.00000513774941, Best Loss: 0.00000693387938 in Epoch 319, Time: 49.36 seconds
Epoch 350
Model saving checkpoint: the model trained after epoch 350 has been saved with the training losses.
Epoch 350, Loss: 0.00002360974889, Improvement: 0.00000416095989, Best Loss: 0.00000693387938 in Epoch 319, Time: 49.40 seconds
With the best parameters, the training loss is 0.00001713432164, while the testing loss is 0.00065214832104.
