The dimension of y_tensor is torch.Size([10201, 2]).
The dimension of y_expanded is torch.Size([500, 10201, 2]) after expanding.
The zero coordinate of y_expanded is time and the first coordinate is space.
The dimensions of the initial conditions are: (500, 101)
The dimensions of the solutions are: (500, 101, 101)
The dimension of u_tensor is torch.Size([500, 101]).
The dimension of u_expanded is torch.Size([500, 10201, 101]) after expanding.
The loaded solution dataset has dimension (500, 101, 101),
	 while the arranged linearized dataset has dimension (500, 10201).
The dimension of s_tensor is torch.Size([500, 10201]).
The dimension of s_expanded is torch.Size([500, 10201, 1]) after expanding.
The training dataset has 4080400 samples, while the train_loader has 409 batches.
The training dataset has 1020100 samples, while the train_loader has 511 batches.
Epoch 1
A best model at epoch 1 has been saved with training loss 0.03831699118018.
A best model at epoch 1 has been saved with training loss 0.03658451512456.
A best model at epoch 1 has been saved with training loss 0.03508448228240.
A best model at epoch 1 has been saved with training loss 0.03351307287812.
A best model at epoch 1 has been saved with training loss 0.03220992162824.
A best model at epoch 1 has been saved with training loss 0.03177734464407.
A best model at epoch 1 has been saved with training loss 0.02969204634428.
A best model at epoch 1 has been saved with training loss 0.02785605937243.
A best model at epoch 1 has been saved with training loss 0.02779545821249.
A best model at epoch 1 has been saved with training loss 0.02652606181800.
A best model at epoch 1 has been saved with training loss 0.02578823268414.
A best model at epoch 1 has been saved with training loss 0.02472533471882.
A best model at epoch 1 has been saved with training loss 0.02417994104326.
A best model at epoch 1 has been saved with training loss 0.02367578446865.
A best model at epoch 1 has been saved with training loss 0.02244522608817.
A best model at epoch 1 has been saved with training loss 0.02082744427025.
A best model at epoch 1 has been saved with training loss 0.02064016275108.
A best model at epoch 1 has been saved with training loss 0.01986018568277.
A best model at epoch 1 has been saved with training loss 0.01832963526249.
A best model at epoch 1 has been saved with training loss 0.01705564558506.
A best model at epoch 1 has been saved with training loss 0.01639886200428.
A best model at epoch 1 has been saved with training loss 0.01610142737627.
A best model at epoch 1 has been saved with training loss 0.01559469383210.
A best model at epoch 1 has been saved with training loss 0.01467401348054.
A best model at epoch 1 has been saved with training loss 0.01405704952776.
A best model at epoch 1 has been saved with training loss 0.01259133685380.
A best model at epoch 1 has been saved with training loss 0.01252294424921.
A best model at epoch 1 has been saved with training loss 0.01234995014966.
A best model at epoch 1 has been saved with training loss 0.01142945792526.
A best model at epoch 1 has been saved with training loss 0.01082566473633.
A best model at epoch 1 has been saved with training loss 0.01069330330938.
A best model at epoch 1 has been saved with training loss 0.01032932475209.
A best model at epoch 1 has been saved with training loss 0.01020786352456.
A best model at epoch 1 has been saved with training loss 0.00988690275699.
A best model at epoch 1 has been saved with training loss 0.00938235037029.
A best model at epoch 1 has been saved with training loss 0.00883057992905.
A best model at epoch 1 has been saved with training loss 0.00845480524004.
A best model at epoch 1 has been saved with training loss 0.00784520711750.
A best model at epoch 1 has been saved with training loss 0.00751274079084.
A best model at epoch 1 has been saved with training loss 0.00749928876758.
A best model at epoch 1 has been saved with training loss 0.00720131443813.
A best model at epoch 1 has been saved with training loss 0.00710870278999.
A best model at epoch 1 has been saved with training loss 0.00695373071358.
A best model at epoch 1 has been saved with training loss 0.00670335162431.
A best model at epoch 1 has been saved with training loss 0.00635459506884.
A best model at epoch 1 has been saved with training loss 0.00634940061718.
A best model at epoch 1 has been saved with training loss 0.00622790679336.
A best model at epoch 1 has been saved with training loss 0.00606866739690.
A best model at epoch 1 has been saved with training loss 0.00592419551685.
A best model at epoch 1 has been saved with training loss 0.00583835411817.
A best model at epoch 1 has been saved with training loss 0.00573930796236.
A best model at epoch 1 has been saved with training loss 0.00570122711360.
A best model at epoch 1 has been saved with training loss 0.00562452757731.
A best model at epoch 1 has been saved with training loss 0.00529446639121.
A best model at epoch 1 has been saved with training loss 0.00514701241627.
A best model at epoch 1 has been saved with training loss 0.00487561244518.
A best model at epoch 1 has been saved with training loss 0.00485279504210.
A best model at epoch 1 has been saved with training loss 0.00482198223472.
A best model at epoch 1 has been saved with training loss 0.00480520771816.
A best model at epoch 1 has been saved with training loss 0.00446486100554.
A best model at epoch 1 has been saved with training loss 0.00444134604186.
A best model at epoch 1 has been saved with training loss 0.00423583853990.
A best model at epoch 1 has been saved with training loss 0.00417096633464.
A best model at epoch 1 has been saved with training loss 0.00413684779778.
A best model at epoch 1 has been saved with training loss 0.00402061408386.
A best model at epoch 1 has been saved with training loss 0.00393284764141.
A best model at epoch 1 has been saved with training loss 0.00390839623287.
A best model at epoch 1 has been saved with training loss 0.00378146348521.
A best model at epoch 1 has been saved with training loss 0.00351637671702.
A best model at epoch 1 has been saved with training loss 0.00333621772006.
A best model at epoch 1 has been saved with training loss 0.00327387684956.
A best model at epoch 1 has been saved with training loss 0.00326151354238.
A best model at epoch 1 has been saved with training loss 0.00323730986565.
A best model at epoch 1 has been saved with training loss 0.00321775954217.
A best model at epoch 1 has been saved with training loss 0.00314211333171.
Epoch 1, Loss: 0.00708122245175, Improvement: 0.00708122245175, Best Loss: 0.00314211333171 in Epoch 1, Time: 51.37 seconds
Epoch 2
A best model at epoch 2 has been saved with training loss 0.00298575824127.
A best model at epoch 2 has been saved with training loss 0.00278201373294.
A best model at epoch 2 has been saved with training loss 0.00269385939464.
A best model at epoch 2 has been saved with training loss 0.00259004998952.
A best model at epoch 2 has been saved with training loss 0.00252845487557.
A best model at epoch 2 has been saved with training loss 0.00247905869037.
A best model at epoch 2 has been saved with training loss 0.00242445128970.
A best model at epoch 2 has been saved with training loss 0.00241208076477.
A best model at epoch 2 has been saved with training loss 0.00236054253764.
A best model at epoch 2 has been saved with training loss 0.00231834314764.
A best model at epoch 2 has been saved with training loss 0.00226637185551.
A best model at epoch 2 has been saved with training loss 0.00226062559523.
A best model at epoch 2 has been saved with training loss 0.00221215398051.
A best model at epoch 2 has been saved with training loss 0.00216647889465.
A best model at epoch 2 has been saved with training loss 0.00209724740125.
A best model at epoch 2 has been saved with training loss 0.00201995996758.
A best model at epoch 2 has been saved with training loss 0.00201772432774.
A best model at epoch 2 has been saved with training loss 0.00200972426683.
A best model at epoch 2 has been saved with training loss 0.00199328502640.
A best model at epoch 2 has been saved with training loss 0.00198696437292.
A best model at epoch 2 has been saved with training loss 0.00193003169261.
A best model at epoch 2 has been saved with training loss 0.00191550026648.
A best model at epoch 2 has been saved with training loss 0.00183813285548.
A best model at epoch 2 has been saved with training loss 0.00164763978682.
A best model at epoch 2 has been saved with training loss 0.00164040527306.
Epoch 2, Loss: 0.00259706972612, Improvement: -0.00448415272563, Best Loss: 0.00164040527306 in Epoch 2, Time: 51.04 seconds
Epoch 3
A best model at epoch 3 has been saved with training loss 0.00150556582958.
A best model at epoch 3 has been saved with training loss 0.00145836046431.
A best model at epoch 3 has been saved with training loss 0.00137330393773.
A best model at epoch 3 has been saved with training loss 0.00126427470241.
Epoch 3, Loss: 0.00189973320470, Improvement: -0.00069733652142, Best Loss: 0.00126427470241 in Epoch 3, Time: 50.84 seconds
Epoch 4
A best model at epoch 4 has been saved with training loss 0.00120005302597.
A best model at epoch 4 has been saved with training loss 0.00116692134179.
A best model at epoch 4 has been saved with training loss 0.00113720644731.
A best model at epoch 4 has been saved with training loss 0.00108207331505.
A best model at epoch 4 has been saved with training loss 0.00094130676007.
Epoch 4, Loss: 0.00156592265097, Improvement: -0.00033381055374, Best Loss: 0.00094130676007 in Epoch 4, Time: 50.91 seconds
Epoch 5
Epoch 5, Loss: 0.00133627812674, Improvement: -0.00022964452423, Best Loss: 0.00094130676007 in Epoch 4, Time: 50.99 seconds
Epoch 6
A best model at epoch 6 has been saved with training loss 0.00086752662901.
A best model at epoch 6 has been saved with training loss 0.00084993493510.
A best model at epoch 6 has been saved with training loss 0.00084949244047.
A best model at epoch 6 has been saved with training loss 0.00077007472282.
Epoch 6, Loss: 0.00120908358478, Improvement: -0.00012719454195, Best Loss: 0.00077007472282 in Epoch 6, Time: 51.00 seconds
Epoch 7
A best model at epoch 7 has been saved with training loss 0.00068215577630.
Epoch 7, Loss: 0.00118325556948, Improvement: -0.00002582801530, Best Loss: 0.00068215577630 in Epoch 7, Time: 50.94 seconds
Epoch 8
A best model at epoch 8 has been saved with training loss 0.00066852360032.
Epoch 8, Loss: 0.00110858607247, Improvement: -0.00007466949701, Best Loss: 0.00066852360032 in Epoch 8, Time: 51.13 seconds
Epoch 9
A best model at epoch 9 has been saved with training loss 0.00064431602368.
Epoch 9, Loss: 0.00106802574885, Improvement: -0.00004056032362, Best Loss: 0.00064431602368 in Epoch 9, Time: 50.97 seconds
Epoch 10
