The dimension of y_tensor is torch.Size([10201, 2]).
The dimension of y_expanded is torch.Size([500, 10201, 2]) after expanding.
The zero coordinate of y_expanded is temporal and the first coordinate is space.
The dimensions of the initial conditions are: (500, 101)
The dimensions of the solutions are: (500, 101, 101)
The dimension of u_tensor is torch.Size([500, 101]).
The dimension of u_expanded is torch.Size([500, 10201, 101]) after expanding.
The loaded solution dataset has dimension (500, 101, 101),
	 while the arranged linearized dataset has dimension (500, 10201).
The dimension of s_tensor is torch.Size([500, 10201]).
The dimension of s_expanded is torch.Size([500, 10201, 1]) after expanding.
The training dataset has 4080400 samples, while the train_loader has 409 batches.
The training dataset has 1020100 samples, while the train_loader has 511 batches.
cuda
Epoch 1
Epoch 1 Time: 54.03 seconds
Epoch 2
Epoch 2 Time: 47.72 seconds
Epoch 3
Epoch 3 Time: 47.40 seconds
Epoch 4
Epoch 4 Time: 50.86 seconds
Epoch 5
Epoch 5 Time: 44.81 seconds
Epoch 6
Epoch 6 Time: 48.54 seconds
Epoch 7
Epoch 7 Time: 47.72 seconds
Epoch 8
Epoch 8 Time: 50.41 seconds
Epoch 9
slurmstepd: error: *** JOB 8077116 ON a100-01 CANCELLED AT 2024-11-29T20:06:31 ***
