The dimension of y_tensor is torch.Size([10201, 2]).
The dimension of y_expanded is torch.Size([500, 10201, 2]) after expanding.
The zero coordinate of y_expanded is time and the first coordinate is space.
The dimensions of the initial conditions are: (500, 101)
The dimensions of the solutions are: (500, 101, 101)
The dimension of u_tensor is torch.Size([500, 101]).
The dimension of u_expanded is torch.Size([500, 10201, 101]) after expanding.
The loaded solution dataset has dimension (500, 101, 101),
	 while the arranged linearized dataset has dimension (500, 10201).
The dimension of s_tensor is torch.Size([500, 10201]).
The dimension of s_expanded is torch.Size([500, 10201, 1]) after expanding.
The training dataset has 4080400 samples, while the train_loader has 511 batches.
The training dataset has 1020100 samples, while the train_loader has 511 batches.
Epoch 1
A best model at epoch 1 has been saved with training error 0.03896084800363.
A best model at epoch 1 has been saved with training error 0.03862111270428.
A best model at epoch 1 has been saved with training error 0.03815799206495.
A best model at epoch 1 has been saved with training error 0.03747259825468.
A best model at epoch 1 has been saved with training error 0.03690658509731.
A best model at epoch 1 has been saved with training error 0.03653799742460.
A best model at epoch 1 has been saved with training error 0.03598142415285.
A best model at epoch 1 has been saved with training error 0.03582841157913.
A best model at epoch 1 has been saved with training error 0.03473811596632.
A best model at epoch 1 has been saved with training error 0.03444791957736.
A best model at epoch 1 has been saved with training error 0.03316652402282.
A best model at epoch 1 has been saved with training error 0.03298864886165.
A best model at epoch 1 has been saved with training error 0.03294052928686.
A best model at epoch 1 has been saved with training error 0.03187256678939.
A best model at epoch 1 has been saved with training error 0.03108356334269.
A best model at epoch 1 has been saved with training error 0.03087288513780.
A best model at epoch 1 has been saved with training error 0.02956004440784.
A best model at epoch 1 has been saved with training error 0.02848555147648.
A best model at epoch 1 has been saved with training error 0.02820885926485.
A best model at epoch 1 has been saved with training error 0.02792336791754.
A best model at epoch 1 has been saved with training error 0.02775902673602.
A best model at epoch 1 has been saved with training error 0.02768762037158.
A best model at epoch 1 has been saved with training error 0.02723892033100.
A best model at epoch 1 has been saved with training error 0.02553231082857.
A best model at epoch 1 has been saved with training error 0.02534390240908.
A best model at epoch 1 has been saved with training error 0.02462830394506.
A best model at epoch 1 has been saved with training error 0.02435280196369.
A best model at epoch 1 has been saved with training error 0.02399552240968.
A best model at epoch 1 has been saved with training error 0.02376892045140.
A best model at epoch 1 has been saved with training error 0.02216913737357.
A best model at epoch 1 has been saved with training error 0.02214279212058.
A best model at epoch 1 has been saved with training error 0.02201455458999.
A best model at epoch 1 has been saved with training error 0.02128267474473.
A best model at epoch 1 has been saved with training error 0.02092443034053.
A best model at epoch 1 has been saved with training error 0.02038123458624.
A best model at epoch 1 has been saved with training error 0.01891322806478.
A best model at epoch 1 has been saved with training error 0.01855530217290.
A best model at epoch 1 has been saved with training error 0.01828875392675.
A best model at epoch 1 has been saved with training error 0.01787951588631.
A best model at epoch 1 has been saved with training error 0.01700218953192.
A best model at epoch 1 has been saved with training error 0.01694299280643.
A best model at epoch 1 has been saved with training error 0.01562679931521.
A best model at epoch 1 has been saved with training error 0.01434427592903.
A best model at epoch 1 has been saved with training error 0.01405299082398.
A best model at epoch 1 has been saved with training error 0.01309311110526.
A best model at epoch 1 has been saved with training error 0.01285051461309.
A best model at epoch 1 has been saved with training error 0.01248722337186.
A best model at epoch 1 has been saved with training error 0.01144798193127.
A best model at epoch 1 has been saved with training error 0.01099372934550.
A best model at epoch 1 has been saved with training error 0.01030675135553.
A best model at epoch 1 has been saved with training error 0.01004789955914.
A best model at epoch 1 has been saved with training error 0.00960563682020.
A best model at epoch 1 has been saved with training error 0.00930438283831.
A best model at epoch 1 has been saved with training error 0.00881591625512.
A best model at epoch 1 has been saved with training error 0.00880014337599.
A best model at epoch 1 has been saved with training error 0.00879433844239.
A best model at epoch 1 has been saved with training error 0.00841280538589.
A best model at epoch 1 has been saved with training error 0.00809135288000.
A best model at epoch 1 has been saved with training error 0.00794284697622.
A best model at epoch 1 has been saved with training error 0.00773757183924.
A best model at epoch 1 has been saved with training error 0.00722945528105.
A best model at epoch 1 has been saved with training error 0.00700512435287.
A best model at epoch 1 has been saved with training error 0.00654366891831.
A best model at epoch 1 has been saved with training error 0.00609598122537.
A best model at epoch 1 has been saved with training error 0.00598010979593.
A best model at epoch 1 has been saved with training error 0.00582924019545.
A best model at epoch 1 has been saved with training error 0.00552323507145.
A best model at epoch 1 has been saved with training error 0.00544915394858.
A best model at epoch 1 has been saved with training error 0.00505160959437.
A best model at epoch 1 has been saved with training error 0.00492873042822.
A best model at epoch 1 has been saved with training error 0.00480115367100.
A best model at epoch 1 has been saved with training error 0.00469918921590.
A best model at epoch 1 has been saved with training error 0.00462227547541.
A best model at epoch 1 has been saved with training error 0.00451688002795.
A best model at epoch 1 has been saved with training error 0.00438109878451.
A best model at epoch 1 has been saved with training error 0.00416693510488.
A best model at epoch 1 has been saved with training error 0.00386165850796.
A best model at epoch 1 has been saved with training error 0.00385952042416.
A best model at epoch 1 has been saved with training error 0.00360893178731.
A best model at epoch 1 has been saved with training error 0.00353969167918.
A best model at epoch 1 has been saved with training error 0.00350885791704.
A best model at epoch 1 has been saved with training error 0.00327765196562.
A best model at epoch 1 has been saved with training error 0.00323971919715.
A best model at epoch 1 has been saved with training error 0.00322136958130.
A best model at epoch 1 has been saved with training error 0.00318248383701.
A best model at epoch 1 has been saved with training error 0.00283046974801.
A best model at epoch 1 has been saved with training error 0.00279478123412.
A best model at epoch 1 has been saved with training error 0.00272924266756.
A best model at epoch 1 has been saved with training error 0.00272126821801.
A best model at epoch 1 has been saved with training error 0.00258958968334.
A best model at epoch 1 has been saved with training error 0.00256792409346.
A best model at epoch 1 has been saved with training error 0.00250915926881.
A best model at epoch 1 has been saved with training error 0.00246921414509.
A best model at epoch 1 has been saved with training error 0.00220653787255.
A best model at epoch 1 has been saved with training error 0.00211187894456.
A best model at epoch 1 has been saved with training error 0.00206948444247.
A best model at epoch 1 has been saved with training error 0.00205804919824.
A best model at epoch 1 has been saved with training error 0.00198117038235.
A best model at epoch 1 has been saved with training error 0.00189473328646.
A best model at epoch 1 has been saved with training error 0.00177921995055.
Epoch 1, Loss: 0.00723140976331, Improvement: 0.00723140976331, Best Loss: 0.00177921995055 in Epoch 1, Time: 51.28 seconds
Epoch 2
A best model at epoch 2 has been saved with training error 0.00174382317346.
A best model at epoch 2 has been saved with training error 0.00171851739287.
A best model at epoch 2 has been saved with training error 0.00170595978852.
A best model at epoch 2 has been saved with training error 0.00167565618176.
A best model at epoch 2 has been saved with training error 0.00158516981173.
A best model at epoch 2 has been saved with training error 0.00154987035785.
A best model at epoch 2 has been saved with training error 0.00151473877486.
A best model at epoch 2 has been saved with training error 0.00151454564184.
A best model at epoch 2 has been saved with training error 0.00135600718204.
A best model at epoch 2 has been saved with training error 0.00125885312445.
A best model at epoch 2 has been saved with training error 0.00125840562396.
A best model at epoch 2 has been saved with training error 0.00120631768368.
A best model at epoch 2 has been saved with training error 0.00114218227100.
A best model at epoch 2 has been saved with training error 0.00104993558489.
Epoch 2, Loss: 0.00161683112870, Improvement: -0.00561457863460, Best Loss: 0.00104993558489 in Epoch 2, Time: 50.73 seconds
Epoch 3
A best model at epoch 3 has been saved with training error 0.00101808621548.
A best model at epoch 3 has been saved with training error 0.00096955959452.
A best model at epoch 3 has been saved with training error 0.00090781348990.
A best model at epoch 3 has been saved with training error 0.00088494777447.
A best model at epoch 3 has been saved with training error 0.00087940483354.
A best model at epoch 3 has been saved with training error 0.00086735578952.
A best model at epoch 3 has been saved with training error 0.00084167975001.
A best model at epoch 3 has been saved with training error 0.00082607904915.
A best model at epoch 3 has been saved with training error 0.00080860796152.
Epoch 3, Loss: 0.00117568211020, Improvement: -0.00044114901851, Best Loss: 0.00080860796152 in Epoch 3, Time: 50.70 seconds
Epoch 4
A best model at epoch 4 has been saved with training error 0.00073174625868.
A best model at epoch 4 has been saved with training error 0.00069637777051.
A best model at epoch 4 has been saved with training error 0.00068851106334.
A best model at epoch 4 has been saved with training error 0.00068328512134.
A best model at epoch 4 has been saved with training error 0.00052020786097.
Epoch 4, Loss: 0.00098986518417, Improvement: -0.00018581692603, Best Loss: 0.00052020786097 in Epoch 4, Time: 50.78 seconds
Epoch 5
Epoch 5, Loss: 0.00085496654041, Improvement: -0.00013489864376, Best Loss: 0.00052020786097 in Epoch 4, Time: 50.80 seconds
With the best parameters, the training loss is 0.00087609080930, while the testing loss is 0.00124979501860.
